2018-01-04 10:05:37.375 ERROR [main] [com.vng.zing.demo.grapql.HServer] [setupAndRun] [com.vng.zing.demo.grapql.HServer.setupAndRun(HServer.java:37)] - Address already in use
java.net.BindException: Address already in use
	at sun.nio.ch.Net.listen(Native Method) ~[?:1.8.0_151]
	at sun.nio.ch.ServerSocketChannelImpl.bind(ServerSocketChannelImpl.java:224) ~[?:1.8.0_151]
	at sun.nio.ch.ServerSocketAdaptor.bind(ServerSocketAdaptor.java:74) ~[?:1.8.0_151]
	at org.eclipse.jetty.server.ServerConnector.openAcceptChannel(ServerConnector.java:334) ~[jetty-server-9.4.7.v20170914.jar:9.4.7.v20170914]
	at org.eclipse.jetty.server.ServerConnector.open(ServerConnector.java:302) ~[jetty-server-9.4.7.v20170914.jar:9.4.7.v20170914]
	at org.eclipse.jetty.server.AbstractNetworkConnector.doStart(AbstractNetworkConnector.java:80) ~[jetty-server-9.4.7.v20170914.jar:9.4.7.v20170914]
	at org.eclipse.jetty.server.ServerConnector.doStart(ServerConnector.java:238) ~[jetty-server-9.4.7.v20170914.jar:9.4.7.v20170914]
	at org.eclipse.jetty.util.component.AbstractLifeCycle.start(AbstractLifeCycle.java:68) ~[jetty-util-9.4.7.v20170914.jar:9.4.7.v20170914]
	at org.eclipse.jetty.server.Server.doStart(Server.java:428) ~[jetty-server-9.4.7.v20170914.jar:9.4.7.v20170914]
	at org.eclipse.jetty.util.component.AbstractLifeCycle.start(AbstractLifeCycle.java:68) ~[jetty-util-9.4.7.v20170914.jar:9.4.7.v20170914]
	at com.vng.zing.demo.grapql.HServer.setupAndRun(HServer.java:34) [classes/:?]
	at com.vng.zing.demo.grapql.MainApp.main(MainApp.java:14) [classes/:?]
2018-01-04 16:44:07.615 ERROR [main] [com.vng.zing.demo.grapql.HServer] [setupAndRun] [com.vng.zing.demo.grapql.HServer.setupAndRun(HServer.java:37)] - Address already in use
java.net.BindException: Address already in use
	at sun.nio.ch.Net.bind0(Native Method) ~[?:1.8.0_151]
	at sun.nio.ch.Net.bind(Net.java:433) ~[?:1.8.0_151]
	at sun.nio.ch.Net.bind(Net.java:425) ~[?:1.8.0_151]
	at sun.nio.ch.ServerSocketChannelImpl.bind(ServerSocketChannelImpl.java:223) ~[?:1.8.0_151]
	at sun.nio.ch.ServerSocketAdaptor.bind(ServerSocketAdaptor.java:74) ~[?:1.8.0_151]
	at org.eclipse.jetty.server.ServerConnector.openAcceptChannel(ServerConnector.java:334) ~[jetty-server-9.4.7.v20170914.jar:9.4.7.v20170914]
	at org.eclipse.jetty.server.ServerConnector.open(ServerConnector.java:302) ~[jetty-server-9.4.7.v20170914.jar:9.4.7.v20170914]
	at org.eclipse.jetty.server.AbstractNetworkConnector.doStart(AbstractNetworkConnector.java:80) ~[jetty-server-9.4.7.v20170914.jar:9.4.7.v20170914]
	at org.eclipse.jetty.server.ServerConnector.doStart(ServerConnector.java:238) ~[jetty-server-9.4.7.v20170914.jar:9.4.7.v20170914]
	at org.eclipse.jetty.util.component.AbstractLifeCycle.start(AbstractLifeCycle.java:68) ~[jetty-util-9.4.7.v20170914.jar:9.4.7.v20170914]
	at org.eclipse.jetty.server.Server.doStart(Server.java:428) ~[jetty-server-9.4.7.v20170914.jar:9.4.7.v20170914]
	at org.eclipse.jetty.util.component.AbstractLifeCycle.start(AbstractLifeCycle.java:68) ~[jetty-util-9.4.7.v20170914.jar:9.4.7.v20170914]
	at com.vng.zing.demo.grapql.HServer.setupAndRun(HServer.java:34) [classes/:?]
	at com.vng.zing.demo.grapql.MainApp.main(MainApp.java:14) [classes/:?]
